12-May-21 05:19:43 - INFO : Rotating 1 degrees in clockwise direction with speed 1
12-May-21 05:19:43 - INFO : fun3 runs
12-May-21 05:19:43 - INFO : Calculations runs
12-May-21 05:19:43 - INFO : Recursive_sum runs
12-May-21 05:19:43 - INFO : Calculating file : C:\Users\Furkan\Desktop\ANTENNA MEASUREMENT SYSTEM\csv\-10_dBm.csv
12-May-21 05:19:43 - INFO : Recursive_sum runs
12-May-21 05:19:43 - INFO : Calculating file : C:\Users\Furkan\Desktop\ANTENNA MEASUREMENT SYSTEM\csv\-20_dBm.csv
12-May-21 05:19:43 - INFO : Recursive_sum runs
12-May-21 05:19:43 - INFO : Calculating file : C:\Users\Furkan\Desktop\ANTENNA MEASUREMENT SYSTEM\csv\-30_dBm.csv
12-May-21 05:19:43 - INFO : Recursive_sum runs
12-May-21 05:19:43 - INFO : Calculating file : C:\Users\Furkan\Desktop\ANTENNA MEASUREMENT SYSTEM\csv\-40_dBm.csv
12-May-21 05:19:43 - INFO : Recursive_sum runs
12-May-21 05:19:43 - INFO : Calculating file : C:\Users\Furkan\Desktop\ANTENNA MEASUREMENT SYSTEM\csv\-50_dBm.csv
12-May-21 05:19:43 - INFO : Recursive_sum runs
12-May-21 05:19:43 - INFO : Calculating file : C:\Users\Furkan\Desktop\ANTENNA MEASUREMENT SYSTEM\csv\-60_dBm.csv
12-May-21 05:19:43 - INFO : Recursive_sum runs
12-May-21 05:19:43 - INFO : Calculating file : C:\Users\Furkan\Desktop\ANTENNA MEASUREMENT SYSTEM\csv\0_dBm.csv
12-May-21 05:19:43 - INFO : Calculated data saved on datas.csv
12-May-21 05:19:43 - INFO : Plotting runs
12-May-21 05:19:43 - INFO : Datas reformated runs
12-May-21 05:19:43 - INFO : Data plotted
12-May-21 05:19:43 - INFO : Master runs
12-May-21 05:37:19 - INFO : Rotating 1 degrees in clockwise direction with speed 1
12-May-21 05:37:19 - INFO : fun3 runs
12-May-21 05:37:19 - INFO : Calculations runs
12-May-21 05:37:19 - INFO : Recursive_sum runs
12-May-21 05:37:19 - INFO : Calculating file : C:\Users\Furkan\Desktop\ANTENNA MEASUREMENT SYSTEM\csv\-10_dBm.csv
12-May-21 05:37:19 - INFO : Recursive_sum runs
12-May-21 05:37:19 - INFO : Calculating file : C:\Users\Furkan\Desktop\ANTENNA MEASUREMENT SYSTEM\csv\-20_dBm.csv
12-May-21 05:37:19 - INFO : Recursive_sum runs
12-May-21 05:37:19 - INFO : Calculating file : C:\Users\Furkan\Desktop\ANTENNA MEASUREMENT SYSTEM\csv\-30_dBm.csv
12-May-21 05:37:19 - INFO : Recursive_sum runs
12-May-21 05:37:19 - INFO : Calculating file : C:\Users\Furkan\Desktop\ANTENNA MEASUREMENT SYSTEM\csv\-40_dBm.csv
12-May-21 05:37:19 - INFO : Recursive_sum runs
12-May-21 05:37:19 - INFO : Calculating file : C:\Users\Furkan\Desktop\ANTENNA MEASUREMENT SYSTEM\csv\-50_dBm.csv
12-May-21 05:37:19 - INFO : Recursive_sum runs
12-May-21 05:37:19 - INFO : Calculating file : C:\Users\Furkan\Desktop\ANTENNA MEASUREMENT SYSTEM\csv\-60_dBm.csv
12-May-21 05:37:19 - INFO : Recursive_sum runs
12-May-21 05:37:19 - INFO : Calculating file : C:\Users\Furkan\Desktop\ANTENNA MEASUREMENT SYSTEM\csv\0_dBm.csv
12-May-21 05:37:19 - INFO : Calculated data saved on datas.csv
12-May-21 05:37:19 - INFO : Plotting runs
12-May-21 05:37:19 - INFO : Datas reformated runs
12-May-21 05:37:19 - INFO : Data plotted
12-May-21 05:37:19 - INFO : Master runs
12-May-21 10:33:42 - INFO : Rotating 1 degrees in clockwise direction with speed 1
12-May-21 10:33:42 - INFO : fun3 runs
12-May-21 10:33:42 - INFO : Calculations runs
12-May-21 10:33:42 - INFO : Recursive_sum runs
12-May-21 10:33:42 - INFO : Calculating file : C:\Users\Furkan\Desktop\ANTENNA MEASUREMENT SYSTEM\csv\-10_dBm.csv
12-May-21 10:33:42 - INFO : Recursive_sum runs
12-May-21 10:33:42 - INFO : Calculating file : C:\Users\Furkan\Desktop\ANTENNA MEASUREMENT SYSTEM\csv\-20_dBm.csv
12-May-21 10:33:42 - INFO : Recursive_sum runs
12-May-21 10:33:43 - INFO : Calculating file : C:\Users\Furkan\Desktop\ANTENNA MEASUREMENT SYSTEM\csv\-30_dBm.csv
12-May-21 10:33:43 - INFO : Recursive_sum runs
12-May-21 10:33:43 - INFO : Calculating file : C:\Users\Furkan\Desktop\ANTENNA MEASUREMENT SYSTEM\csv\-40_dBm.csv
12-May-21 10:33:43 - INFO : Recursive_sum runs
12-May-21 10:33:43 - INFO : Calculating file : C:\Users\Furkan\Desktop\ANTENNA MEASUREMENT SYSTEM\csv\-50_dBm.csv
12-May-21 10:33:43 - INFO : Recursive_sum runs
12-May-21 10:33:43 - INFO : Calculating file : C:\Users\Furkan\Desktop\ANTENNA MEASUREMENT SYSTEM\csv\-60_dBm.csv
12-May-21 10:33:43 - INFO : Recursive_sum runs
12-May-21 10:33:43 - INFO : Calculating file : C:\Users\Furkan\Desktop\ANTENNA MEASUREMENT SYSTEM\csv\0_dBm.csv
12-May-21 10:33:43 - INFO : Calculated data saved on datas.csv
12-May-21 10:33:43 - INFO : Plotting runs
12-May-21 10:33:43 - INFO : Datas reformated runs
12-May-21 10:33:43 - INFO : Data plotted
12-May-21 10:33:43 - INFO : Master runs
